20240828	11:47:37	SUCCESS	app.listen	http search site successfully started.	50b54806-5b89-4d1d-8768-40c5b9663cf9
20240828	11:57:28	SUCCESS	app.listen	http search site successfully started.	434f3f74-7b0b-44b3-9f0b-2831a6ebbbbe
20240828	11:58:18	SUCCESS	app.listen	http search site successfully started.	6f19fa51-72c2-46a7-bf6e-ebcd4d3a1c63
20240828	12:01:36	SUCCESS	app.listen	http search site successfully started.	632f07b8-4977-4fef-86c9-7d1f1ef15524
20240828	12:01:43	INFO	app.get	landing page (index.ejs) was displayed.	6dca96f7-0666-466e-b665-bf66f2402141
20240828	12:04:45	SUCCESS	app.listen	http search site successfully started.	629a33cb-fb53-4383-9103-b2e40f923e48
20240828	12:04:49	INFO	app.get	landing page (index.ejs) was displayed.	8a288dfa-1c3a-44f1-bdab-d86c28bcda10
20240828	12:04:53	INFO	app.get /about	about page (about.ejs) was displayed.	3e25f9d9-683c-4233-b457-fb3b64d3c0a6
20240828	12:39:35	SUCCESS	app.listen	http search site successfully started.	90c589cc-4195-49de-aa05-53617b3bae05
20240828	12:39:40	INFO	app.get	landing page (index.ejs) was displayed.	02ebff97-ae97-4a12-b0ac-448524fe6d2a
20240828	12:40:37	SUCCESS	app.listen	http search site successfully started.	2d71b3ca-e2e0-4435-b8f9-88c62e481006
20240828	12:40:42	INFO	app.get	landing page (index.ejs) was displayed.	3ad45753-a45b-45df-82d9-69fb06c1d4b4
20240828	12:42:31	SUCCESS	app.listen	http search site successfully started.	07b76bc9-471b-49c5-9354-91bcac2eeda7
20240828	12:42:40	INFO	app.get	landing page (index.ejs) was displayed.	b4bfbf8c-7212-446e-b567-c9ca01ff842f
20240828	12:44:47	INFO	app.get	landing page (index.ejs) was displayed.	ccade29d-7b48-412c-a805-f855e9467bbe
20240828	12:44:50	INFO	app.get	landing page (index.ejs) was displayed.	02e1f934-be93-44b1-bde3-023e879bea5c
20240828	12:44:51	INFO	app.get /about	about page (about.ejs) was displayed.	63de07b6-e8eb-4101-9ab4-bad357f133e4
20240828	12:55:04	SUCCESS	app.listen	http search site successfully started.	d56b122d-b01f-4c72-9cef-b08615bddd22
20240828	12:55:46	INFO	app.get	landing page (index.ejs) was displayed.	984ed6c6-3a66-4eab-a38a-dbc5dd6915b3
20240828	13:03:42	SUCCESS	app.listen	http search site successfully started.	60b18b1b-8579-4f42-822e-28acceeadae0
20240828	13:03:45	INFO	app.get	landing page (index.ejs) was displayed.	bbd22d6d-01a9-434a-b549-d4043a161a73
20240828	13:15:12	SUCCESS	app.listen	http search site successfully started.	c1ef2ad7-6ab2-486f-bbad-bde134ac8e54
20240828	13:15:15	INFO	app.get	landing page (index.ejs) was displayed.	4428b32e-5388-43e7-888f-7c581443018f
20240828	13:18:14	SUCCESS	app.listen	http search site successfully started.	0d4e4e9e-5b1a-4af5-a75e-35aff0059043
20240828	13:18:16	INFO	app.get	landing page (index.ejs) was displayed.	d355ed80-44d7-49ec-8a74-d6f940bfa268
20240828	13:19:26	SUCCESS	app.listen	http search site successfully started.	1ff16719-c172-4a18-8ac4-04bfd0efaaf6
20240828	13:19:28	INFO	app.get	landing page (index.ejs) was displayed.	9ff11154-c4f5-45ca-b84a-7de14ec19e7b
20240828	13:27:09	SUCCESS	app.listen	http search site successfully started.	bb7d2b4d-ac08-454d-92e8-52adaa50b0d6
20240828	13:27:13	INFO	app.get	landing page (index.ejs) was displayed.	d483e9ca-3f06-4026-8c50-247654b8e75e
20240828	13:31:43	SUCCESS	app.listen	http search site successfully started.	a2fa813f-ba51-4840-b224-31c7f6a16d9a
20240828	13:31:47	INFO	app.get	landing page (index.ejs) was displayed.	ecb749de-11c6-4799-9ff8-7566b6f1e522
20240828	13:34:15	SUCCESS	app.listen	http search site successfully started.	7c6e8a57-1007-4077-8cf5-2e686b0f88b0
20240828	13:34:18	INFO	app.get	landing page (index.ejs) was displayed.	c330cd74-6d91-4094-932a-9749fe9a2e9f
20240828	13:35:00	SUCCESS	app.listen	http search site successfully started.	29cbfb12-704d-4bde-a15a-e93694615b00
20240828	13:39:23	SUCCESS	app.listen	http search site successfully started.	0bfb2c88-9a82-48eb-b308-ad9b196c9034
20240828	13:39:26	INFO	app.get	landing page (index.ejs) was displayed.	d3dbc7ee-85ef-4578-a347-3a57c44aa91a
20240828	13:44:07	SUCCESS	app.listen	http search site successfully started.	21bfae98-4efb-4e81-bd72-1d8ea7a0c83a
20240828	13:44:11	INFO	app.get	landing page (index.ejs) was displayed.	3027abe0-e6ca-43e9-84a7-873142e69bdd
20240828	13:47:24	SUCCESS	app.listen	http search site successfully started.	d5cf1057-3d81-4d8c-b19a-4625f259ced2
20240828	13:47:27	INFO	app.get	landing page (index.ejs) was displayed.	8cd6bf56-3796-47ba-96b6-0e56025ca108
20240828	14:21:49	SUCCESS	app.listen	http search site successfully started.	3470de7f-8b8b-4c84-8680-af401260ed83
20240828	14:23:12	SUCCESS	app.listen	http search site successfully started.	a3a71816-9b50-4ca7-a6e6-d7d1ecf29da4
20240828	14:23:19	INFO	app.get	landing page (index.ejs) was displayed.	ad828f91-1bb8-495a-8c5f-6c146da94479
20240828	14:27:08	SUCCESS	app.listen	http search site successfully started.	631f5aac-ea2a-4987-83de-9cc7d69b791b
20240828	14:27:11	INFO	app.get	landing page (index.ejs) was displayed.	46abbb01-063c-4646-b86d-1ff9ebfdf970
20240828	14:31:54	SUCCESS	app.listen	http search site successfully started.	cf63eed2-be62-4a1d-a616-eab8fb1c075a
20240828	14:39:18	INFO	app.get	landing page (index.ejs) was displayed.	2c169f5f-772c-432e-a897-ad3b3c17656a
20240828	14:56:09	SUCCESS	app.listen	http search site successfully started.	46f2c50f-62be-460a-8a34-099e20c86fd7
20240828	14:56:14	INFO	app.get	landing page (index.ejs) was displayed.	b51752e3-781d-4e08-abbe-b282eba99f68
20240828	14:57:29	INFO	app.get	landing page (index.ejs) was displayed.	d131b4ea-44d1-4b60-a763-bb01453fe6cc
20240828	14:57:54	INFO	app.get	landing page (index.ejs) was displayed.	c5f8e9b4-66cb-448c-9957-920a896d8731
20240828	14:57:57	INFO	app.get	landing page (index.ejs) was displayed.	09232e91-c974-42c1-8596-65ccea52b9f1
20240828	16:09:29	INFO	app.get	landing page (index.ejs) was displayed.	5a61a22d-53db-4f83-a4c6-7284fecf2edd
20240828	16:45:28	SUCCESS	app.listen	http search site successfully started.	eb1ea8bd-22ed-4eae-84be-1df36126bfae
20240828	16:45:44	INFO	app.get	landing page (index.ejs) was displayed.	cb93fa58-a0ed-490e-be48-ca7e09d7d93d
20240828	16:54:43	SUCCESS	app.listen	http search site successfully started.	b6589b16-ed86-4134-9bed-4b12ab8b6a3e
20240828	16:54:46	INFO	app.get	landing page (index.ejs) was displayed.	30f61e26-ed8e-4e6f-b65b-0d9a0cdec51e
20240828	16:56:06	SUCCESS	app.listen	http search site successfully started.	20c60a7f-94b9-4262-83d8-fe5ba9bf1934
20240828	16:56:09	INFO	app.get	landing page (index.ejs) was displayed.	a1d6cfdc-8dc6-41cb-882e-e33c36155c61
20240828	16:57:45	SUCCESS	app.listen	http search site successfully started.	cfa969df-cd44-4cbc-8716-e7681388886d
20240828	16:57:47	INFO	app.get	landing page (index.ejs) was displayed.	0585c68a-16c2-4f45-ae70-3d6f6a77dcc7
20240828	16:59:01	INFO	app.get	landing page (index.ejs) was displayed.	1bad7ad6-a07d-448c-9bd5-d72828741ca7
20240828	16:59:38	SUCCESS	app.listen	http search site successfully started.	cc5a9c48-4103-4071-b508-65510ffe7736
20240828	16:59:44	INFO	app.get	landing page (index.ejs) was displayed.	c8f3b429-e1ff-4a61-b4ad-89e142eefb85
20240828	17:00:14	SUCCESS	app.listen	http search site successfully started.	e69e1c67-b3b3-4376-8b14-8e5e299888af
20240828	17:00:36	SUCCESS	app.listen	http search site successfully started.	8adddefe-ce2b-439b-8b13-f34d817e984c
20240828	17:00:42	INFO	app.get	landing page (index.ejs) was displayed.	93714cc9-8635-432c-9816-5125138772ec
20240828	17:00:43	INFO	app.get	landing page (index.ejs) was displayed.	117dd3e9-069d-4a6b-9aff-e2a01fb07bdd
20240828	17:01:11	SUCCESS	app.listen	http search site successfully started.	02c5b9fd-1e37-4c6e-8d4c-6a39cccf952a
20240828	17:01:15	INFO	app.get	landing page (index.ejs) was displayed.	85492b82-7d1c-4a2d-ae6d-8d50f1bdbc46
20240828	17:01:16	INFO	app.get	landing page (index.ejs) was displayed.	d8101a50-f04f-4921-8c59-70059daa0b0a
20240828	17:02:26	SUCCESS	app.listen	http search site successfully started.	49647add-f492-4823-b23d-f7411e337c7a
20240828	17:02:58	SUCCESS	app.listen	http search site successfully started.	f962a5e4-94ed-43bc-8407-00ddbbf529f6
20240828	17:13:51	SUCCESS	app.listen	http search site successfully started.	3fb765ae-16ce-4b6a-aa7a-fe98eb4b6203
20240828	17:14:09	INFO	auth.post /new	New account created.	1dbc2b5d-3548-4d35-aa31-7b218ffa7c26
20240828	17:16:28	SUCCESS	app.listen	http search site successfully started.	6d78ca04-264e-4cf7-b05d-87b58a23b9ad
20240828	17:16:42	INFO	auth.post /new	PostgreSQL unique violation: 23505	7e436566-12a8-49a6-a1e4-8e4906dfe85a
20240828	17:16:50	ERROR	auth.post	Server error: 503.	073ef8cf-0163-4ef4-a8e9-1304169ee23c
20240828	17:19:22	SUCCESS	app.listen	http search site successfully started.	49d3c75d-231a-4fe7-b73d-f8b4eb48b39b
20240828	17:19:33	ERROR	auth.post	Server error: 503.	5752d019-2318-4a00-8d26-547c4bb4c981
20240828	17:19:38	INFO	app.get	landing page (index.ejs) was displayed.	f7f95c39-07c3-40fa-954c-21fe2a51cb01
20240828	17:19:44	ERROR	auth.post	Server error: 503.	8995cc6f-ea93-479e-a8dc-b80c7087ac33
20240828	17:37:29	SUCCESS	app.listen	http search site successfully started.	8a5c0044-a130-47c7-94ce-665f5494a28c
20240828	17:37:36	INFO	app.get	landing page (index.ejs) was displayed.	8fb0bd89-85aa-444b-9741-6b76f0f382f8
20240828	17:37:44	ERROR	auth.post	Server error: 503.	42341302-da03-4537-bfc7-63251bb91fe3
