20240829	12:06:08	SUCCESS	app.listen	http search site successfully started.	84e29740-10dd-40d5-b6b8-f77e49559415
20240829	12:06:17	INFO	app.get	landing page (index.ejs) was displayed.	29dba76f-e0a7-4e89-b061-f82647c08b36
20240829	12:06:26	ERROR	auth.post	Server error: 503.	78238d2f-dc61-482d-a84f-e5a88c43d0c6
20240829	12:15:48	SUCCESS	app.listen	http search site successfully started.	2b40efcf-4ff2-4aa5-ab3f-533b893b2f7b
20240829	12:15:51	INFO	app.get	landing page (index.ejs) was displayed.	ee34b967-07c2-4e66-97e9-3e995836dea0
20240829	12:16:00	ERROR	auth.post	Server error: 503.	8194e2de-97c5-471d-a951-3a9fc640691e
20240829	12:17:05	SUCCESS	app.listen	http search site successfully started.	58ebc3c5-f21d-41be-ba62-dec5dcd9c7b6
20240829	12:17:14	INFO	app.get	landing page (index.ejs) was displayed.	e8ec5ca4-d249-4836-949b-f6d4b98ce7bb
20240829	12:17:25	ERROR	auth.post	Server error: 503.	ad403cfd-aa80-4638-ac13-813b10850750
20240829	12:21:39	SUCCESS	app.listen	http search site successfully started.	4ca604b1-eaae-4fd6-8a17-fe24c7050332
20240829	12:21:43	INFO	app.get	landing page (index.ejs) was displayed.	bd678df5-eb3f-4776-9f84-f483b7245bf0
20240829	12:21:50	ERROR	auth.post	Server error: 503.	741ca1ac-831e-45ae-be48-addec1053393
20240829	12:23:56	SUCCESS	app.listen	http search site successfully started.	755c4718-2f3e-4a8f-91db-9da0c2962faa
20240829	12:24:00	INFO	app.get	landing page (index.ejs) was displayed.	d98f9d16-7307-40e3-a796-bb95167fa9c7
20240829	12:24:08	ERROR	auth.post	Server error: 503.	da00b88e-ffc0-45b3-bb6e-7669365c6806
20240829	12:34:02	SUCCESS	app.listen	http search site successfully started.	0123ea71-5f08-46c3-b607-75f78cc97dbd
20240829	12:34:02	INFO	app.get	landing page (index.ejs) was displayed.	701e76d7-c337-415a-850b-de6cbca946a7
20240829	12:34:13	SUCCESS	auth.post	User Evan logged in successfully.	4acfe8f6-9ef1-43e9-b717-0976e127bd6e
20240829	12:34:13	INFO	app.get	landing page (index.ejs) was displayed.	ef36d54c-15da-4b79-9f65-c648fda94b3c
20240829	12:34:17	INFO	app.get /search	search page (search.ejs) was displayed.	1f1af3ad-d550-41e4-9320-b74a211ab686
20240829	12:43:10	SUCCESS	app.listen	http search site successfully started.	534758db-2c37-4236-9467-1510b0573876
20240829	12:43:15	INFO	app.get	landing page (index.ejs) was displayed.	0d11917f-2db1-4b6a-bc19-ab81f63b5f2b
20240829	12:43:23	SUCCESS	auth.post	User Evan logged in successfully.	84e2c7f9-2e57-4f3b-bdb9-fcf62c09d567
20240829	12:43:23	INFO	app.get	landing page (index.ejs) was displayed.	9bc0db22-c54e-4862-ab85-a773dbe7c652
20240829	12:43:25	INFO	app.get /search	search page (search.ejs) was displayed.	37bc6dd0-406c-4386-836d-8a53faba3683
20240829	12:58:09	SUCCESS	app.listen	http search site successfully started.	a48ae61e-454a-433f-b109-2d9f31823489
20240829	13:01:47	SUCCESS	app.listen	http search site successfully started.	281f6475-b1a3-4ca2-b8ab-89351dc969d0
20240829	13:01:51	INFO	app.get	landing page (index.ejs) was displayed.	6eb89087-307a-49b4-ba5b-0b0abe861ddc
20240829	13:01:58	SUCCESS	auth.post	User Evan logged in successfully.	4eed2b74-baf5-4be6-98fb-919f7626507d
20240829	13:01:58	INFO	app.get	landing page (index.ejs) was displayed.	59c2a1a5-f85a-43a9-a945-8e6e1d1c4d28
20240829	13:02:00	INFO	app.get /search	search page (search.ejs) was displayed.	e0f60864-ac89-4473-8356-13e865dcdc2b
20240829	13:40:40	SUCCESS	app.listen	http search site successfully started.	95114bcd-2638-432b-9b10-349dfe46cef2
20240829	13:40:48	INFO	app.get	landing page (index.ejs) was displayed.	c420fe49-b552-4ed7-9a48-396add933a60
20240829	13:40:56	SUCCESS	auth.post	User Evan logged in successfully.	ca5ac5f4-4a8c-45ad-afb7-c0ddb9d4d434
20240829	13:40:56	INFO	app.get	landing page (index.ejs) was displayed.	03dfa997-5ba4-487d-902b-d1369d699960
20240829	13:40:58	INFO	app.get /search	search page (search.ejs) was displayed.	aa87a987-856a-42f6-8781-1d06ed198e4e
20240829	13:43:24	SUCCESS	app.listen	http search site successfully started.	d29b7e00-99b4-4d6e-899b-a3f792fbba33
20240829	13:43:31	INFO	app.get	landing page (index.ejs) was displayed.	46e11ac1-525b-450b-ad56-a34452be60d2
20240829	13:43:40	SUCCESS	auth.post	User Evan logged in successfully.	a716b590-4d11-4c65-abf1-3c3ea7cf7155
20240829	13:43:40	INFO	app.get	landing page (index.ejs) was displayed.	bf238dd1-acbf-44c4-a853-c77faaa1aac6
20240829	13:43:42	INFO	app.get /search	search page (search.ejs) was displayed.	b3d725be-7231-437c-b855-e506e9c2bb2b
20240829	14:51:50	SUCCESS	app.listen	http search site successfully started.	351e8c7a-9466-4dc4-9024-aba361c21ecc
20240829	14:51:57	INFO	app.get	landing page (index.ejs) was displayed.	26149fbb-5041-458a-b225-c995a91fc46b
20240829	14:52:04	SUCCESS	auth.post	User Evan logged in successfully.	fa4d5066-454d-4a4a-9eda-36dad17ba0cb
20240829	14:52:04	INFO	app.get	landing page (index.ejs) was displayed.	d7b997fe-c1bf-47cd-9a7e-9fab7d5d9d84
20240829	14:52:05	INFO	app.get /search	search page (search.ejs) was displayed.	60612b0d-2db6-4b7d-8bb2-dfcf9473bdec
20240829	14:52:59	SUCCESS	app.listen	http search site successfully started.	d8f780f6-7f13-48b9-b62d-dcb9ba17e477
20240829	14:53:01	INFO	app.get	landing page (index.ejs) was displayed.	19542a51-09ce-46a5-841d-0198adea1bf0
20240829	14:53:09	SUCCESS	auth.post	User Evan logged in successfully.	498180c2-255e-4233-9d97-8b176063611f
20240829	14:53:09	INFO	app.get	landing page (index.ejs) was displayed.	0b18a8d2-0a23-49bb-ad4d-04b288dc1870
20240829	14:53:11	INFO	app.get /search	search page (search.ejs) was displayed.	bead845e-4e10-47dc-a891-380db6a6faf5
20240829	14:54:20	SUCCESS	app.listen	http search site successfully started.	deec3415-53b0-4f12-9d7e-bb99dad29227
20240829	14:54:26	INFO	app.get	landing page (index.ejs) was displayed.	8b19e4e7-0d8d-4ea0-b2ec-2cf18620c0a4
20240829	14:54:35	SUCCESS	auth.post	User Evan logged in successfully.	b264d932-167f-47e3-8b5f-9265d3bfc0f4
20240829	14:54:35	INFO	app.get	landing page (index.ejs) was displayed.	fa8b2bdc-446b-40f3-b51c-0489f8a4bb91
20240829	14:54:36	INFO	app.get /search	search page (search.ejs) was displayed.	8a52c8a3-87ac-485b-8728-4690170cdd47
20240829	14:59:44	SUCCESS	app.listen	http search site successfully started.	888894cf-5b4a-4ceb-b0e9-41bf58bb53b3
20240829	14:59:51	INFO	app.get	landing page (index.ejs) was displayed.	45e6b9e3-c690-4203-977a-2cf047dc48b9
20240829	14:59:58	SUCCESS	auth.post	User Evan logged in successfully.	686c371c-11d6-465d-99f9-9eb0991940f5
20240829	14:59:58	INFO	app.get	landing page (index.ejs) was displayed.	ffea048c-9a92-4497-be2f-1d45f36ddfb6
20240829	15:00:00	INFO	app.get /search	search page (search.ejs) was displayed.	3394c724-2ce6-4ab6-8307-cc2a1f44cfa6
20240829	15:00:03	INFO	app.post /search	search page (search.ejs) was displayed.	cc58812c-1cda-42c9-b6f7-bf0a1dffbf11
20240829	15:00:31	INFO	app.post /search	search page (search.ejs) was displayed.	e30e4583-fde6-4426-83db-79b23ec8ee62
20240829	15:01:01	INFO	app.post /search	search page (search.ejs) was displayed.	8fec8883-9d6e-4387-b406-0993185ce1a9
20240829	15:02:45	INFO	app.post /search	search page (search.ejs) was displayed.	4a4586b1-b0da-44f3-8da2-bf74a7a568dc
20240829	15:05:13	SUCCESS	app.listen	http search site successfully started.	4d75d8cb-7dee-46c5-ad08-becd3c40450c
20240829	15:05:23	SUCCESS	auth.post	User Evan logged in successfully.	af59572a-6d09-4378-ba19-cf03d030bf24
20240829	15:05:23	INFO	app.get	landing page (index.ejs) was displayed.	a0c1fccf-8d22-43e6-9f34-b5cd9983f7ee
20240829	15:05:24	INFO	app.get /search	search page (search.ejs) was displayed.	67d93bde-fed2-4517-ae1d-1b485f76b143
20240829	15:08:30	SUCCESS	app.listen	http search site successfully started.	4eb82457-fbeb-4425-a9c7-19512fbdda64
20240829	15:08:40	SUCCESS	auth.post	User Evan logged in successfully.	2fffa855-4618-45dc-bee1-c62d501507dd
20240829	15:08:40	INFO	app.get	landing page (index.ejs) was displayed.	51222e6a-d962-4465-9d80-1ae6690f826a
20240829	15:08:42	INFO	app.get /search	search page (search.ejs) was displayed.	544ffba3-762a-4d29-b129-424c9f037cac
20240829	15:08:46	INFO	app.post /search	search page (search.ejs) was displayed.	4179a555-e6b8-4b07-9b31-d24a8d0ca04d
20240829	15:14:31	SUCCESS	app.listen	http search site successfully started.	90a94b58-32dd-42cb-ab31-404241eb2d14
20240829	15:14:45	SUCCESS	auth.post	User Evan logged in successfully.	d8a0a37c-8084-45ac-a6d8-e1891b885100
20240829	15:14:45	INFO	app.get	landing page (index.ejs) was displayed.	f2490c2f-bf74-4b08-ac31-4082571cb4ae
20240829	15:14:47	INFO	app.get /search	search page (search.ejs) was displayed.	c85aec2a-f534-4ebc-a5d5-b9ae8b7ec531
20240829	15:14:50	INFO	app.post /search	search page (search.ejs) was displayed.	bf968f23-60f3-491d-9e50-a23fa86d4935
20240829	15:17:36	SUCCESS	app.listen	http search site successfully started.	a5c9047d-81f6-494a-9c11-cb9b5c4aa5f4
20240829	15:17:46	SUCCESS	auth.post	User Evan logged in successfully.	190f619d-15b5-4705-b419-8385fa968704
20240829	15:17:46	INFO	app.get	landing page (index.ejs) was displayed.	3c55b995-d38a-42d6-bbe7-7c96e0b8a17a
20240829	15:17:47	INFO	app.get /search	search page (search.ejs) was displayed.	1cc894c3-dd2c-4b6e-afef-d118c3058a2c
20240829	15:17:51	INFO	app.post /search	search page (search.ejs) was displayed.	fde0ca15-9012-415a-86ee-969c37db8843
20240829	15:26:57	SUCCESS	app.listen	http search site successfully started.	5c1493a8-9ac4-4b52-81e5-196ef3210d6e
20240829	15:27:08	SUCCESS	auth.post	User Evan logged in successfully.	9a6f99b6-1d99-4f09-9ea9-945e16335a5a
20240829	15:27:08	INFO	app.get	landing page (index.ejs) was displayed.	65179e55-647b-4403-9e77-bb2753dbb217
20240829	15:27:10	INFO	app.get /search	search page (search.ejs) was displayed.	88a740fa-42d5-4802-9388-67fc96267235
20240829	15:27:29	SUCCESS	app.listen	http search site successfully started.	925e89fd-d8dd-4d19-8efd-3859d219bd9a
20240829	15:27:39	SUCCESS	auth.post	User Evan logged in successfully.	acdb64f5-edb4-4e54-ad70-2aef57997de4
20240829	15:27:39	INFO	app.get	landing page (index.ejs) was displayed.	f96f4a71-a9c6-4022-983c-92d271960b5c
20240829	15:27:41	INFO	app.get /search	search page (search.ejs) was displayed.	1229ff6d-5ec2-43ea-bbf2-1253bb268ca8
20240829	15:27:44	INFO	app.post /search	search page (search.ejs) was displayed.	763942f3-5f3d-4e05-a2e7-a29d57c1c762
20240829	15:28:03	SUCCESS	app.listen	http search site successfully started.	8d2d6918-ede5-4e0c-ab75-6f34341f97e8
20240829	15:28:12	SUCCESS	auth.post	User Evan logged in successfully.	2718d7e9-589b-48b5-bcc7-7bc7fef43599
20240829	15:28:12	INFO	app.get	landing page (index.ejs) was displayed.	2e23f206-a529-4299-ab77-7412ab8e4017
20240829	15:28:14	INFO	app.get /search	search page (search.ejs) was displayed.	a5a66bc2-b6f2-462a-b7ea-a21e8ca1206d
20240829	15:33:38	SUCCESS	app.listen	http search site successfully started.	8c1bc6f4-691a-4831-b14a-62110ebb303f
20240829	15:33:50	SUCCESS	auth.post	User Evan logged in successfully.	010d0c93-b6e2-4493-8fb8-1c3fa38570a9
20240829	15:33:50	INFO	app.get	landing page (index.ejs) was displayed.	623719c0-ebb2-4944-a8d6-2c52cc4a7243
20240829	15:33:51	INFO	app.get /search	search page (search.ejs) was displayed.	eae5632b-e037-4e47-a5e7-e9926ed24605
20240829	15:35:09	SUCCESS	app.listen	http search site successfully started.	0cae3d79-6d3c-4433-9321-15c4b738538d
20240829	15:35:22	SUCCESS	auth.post	User Evan logged in successfully.	57a81acf-3d00-4256-bcfd-e49add00275c
20240829	15:35:22	INFO	app.get	landing page (index.ejs) was displayed.	2836f0cb-77b6-49a8-8fae-1a0e1ccf2956
20240829	15:35:23	INFO	app.get /search	search page (search.ejs) was displayed.	2b87e51e-0eb5-41c8-92ec-a24298e16855
20240829	15:40:49	SUCCESS	app.listen	http search site successfully started.	c567f53f-e220-4b95-b113-8cb9b8a2e8f1
20240829	15:41:01	SUCCESS	auth.post	User Evan logged in successfully.	000c7255-c043-4af8-b877-1a22dceabff3
20240829	15:41:01	INFO	app.get	landing page (index.ejs) was displayed.	db6ecac2-08b3-4574-817f-eb9eab92fc4f
20240829	15:41:02	INFO	app.get /search	search page (search.ejs) was displayed.	ebc5d974-0381-4158-bfc9-df223bf33d59
20240829	15:43:40	SUCCESS	app.listen	http search site successfully started.	f9f7f451-d213-4735-a609-5a375478670b
20240829	15:43:50	SUCCESS	auth.post	User Evan logged in successfully.	e19875a1-28bc-4510-a3c5-50db054dbbb1
20240829	15:43:50	INFO	app.get	landing page (index.ejs) was displayed.	c2c16b6b-4b2a-4a87-b1b4-0a06b5e78edb
20240829	15:43:51	INFO	app.get /search	search page (search.ejs) was displayed.	e9d75065-45e6-4a94-9a59-2ca6761dada5
20240829	15:43:55	INFO	app.post /search	search page (search.ejs) was displayed.	a6a0914f-449b-41fc-90c2-a6a33f83f25b
20240829	15:55:32	SUCCESS	app.listen	http search site successfully started.	01fbd344-9435-45fe-80a2-506f48948613
20240829	15:55:42	SUCCESS	auth.post	User Evan logged in successfully.	76f06883-c416-4823-a10e-a54136aea995
20240829	15:55:42	INFO	app.get	landing page (index.ejs) was displayed.	687ebacd-a609-45d7-af7d-ef00ea4a9af4
20240829	15:55:44	INFO	app.get /search	search page (search.ejs) was displayed.	8cbc469b-a2b9-4e5b-91f0-7563ba9359d0
20240829	15:55:47	INFO	app.post /search	search page (search.ejs) was displayed.	ddf39375-8423-44ee-b43f-3c9db0ef1a58
20240829	15:59:52	INFO	app.post /search	search page (search.ejs) was displayed.	6b276700-9d81-4638-961c-d0909c4aca4d
20240829	15:59:59	INFO	app.post /search	search page (search.ejs) was displayed.	916b183a-81df-4065-8bec-69ed7aa6e68a
20240829	16:01:22	SUCCESS	app.listen	http search site successfully started.	c44a9911-82d2-4934-bae7-15b2296b075c
20240829	16:01:32	SUCCESS	auth.post	User Evan logged in successfully.	ced39910-e771-4e50-92df-1e163f1c49ea
20240829	16:01:32	INFO	app.get	landing page (index.ejs) was displayed.	bdd523d2-f5f4-4019-b118-928db0066d08
20240829	16:01:33	INFO	app.get /search	search page (search.ejs) was displayed.	db22edb8-aee1-4e15-83bb-035b15209f50
20240829	16:18:31	SUCCESS	app.listen	http search site successfully started.	fb6bbd2a-2f41-49bd-8f7d-37485232a2cb
20240829	16:18:42	SUCCESS	auth.post	User Evan logged in successfully.	0eee00e2-e3f2-40be-85aa-91b5b5dd4d32
20240829	16:18:42	INFO	app.get	landing page (index.ejs) was displayed.	02e78c5f-18be-4800-8574-4a5f11b28c2f
20240829	16:18:43	INFO	app.get /search	search page (search.ejs) was displayed.	ab4013f0-0f71-4f7b-bdf7-160fd32f2687
20240829	16:18:53	INFO	app.post /search	search page (search.ejs) was displayed.	659454d4-76a8-458b-8f12-25be1280c41d
20240829	16:19:36	INFO	app.post /search	search page (search.ejs) was displayed.	313b1fab-3e4d-4634-bb18-384d66b48908
20240829	16:19:47	INFO	app.post /search	search page (search.ejs) was displayed.	5e995eff-ce55-4f11-9f72-6042ea60b727
20240829	16:20:24	INFO	app.post /search	search page (search.ejs) was displayed.	c15a9d23-9f46-4a22-aabf-f2a8d615028a
20240829	16:22:51	SUCCESS	app.listen	http search site successfully started.	36df4332-a73d-4507-8853-8aa981c04030
20240829	16:23:02	SUCCESS	auth.post	User Evan logged in successfully.	ce6dcf78-7c1f-4f6a-b2fd-37fa0c52e6f8
20240829	16:23:02	INFO	app.get	landing page (index.ejs) was displayed.	8b030c18-277b-435f-8439-1ef21ac5c867
20240829	16:23:04	INFO	app.get /search	search page (search.ejs) was displayed.	608ff947-00d2-4652-9308-009192f53dfe
20240829	16:23:08	INFO	app.post /search	search page (search.ejs) was displayed.	b97b5ce6-99e4-418f-9fd0-983818b0a192
20240829	16:32:57	INFO	app.post /search	search page (search.ejs) was displayed.	04b8c2cf-4822-46f2-9529-bfdc7757a3fd
20240829	16:34:08	SUCCESS	app.listen	http search site successfully started.	6697433e-ae54-4c4c-882f-59b55d64f965
20240829	16:34:17	SUCCESS	auth.post	User Evan logged in successfully.	bfc3f1ec-c4de-4ecb-84d0-e25ed3c31245
20240829	16:34:17	INFO	app.get	landing page (index.ejs) was displayed.	9ffae492-d7d0-490b-a8a5-c33a93a85a7c
20240829	16:34:19	INFO	app.get /search	search page (search.ejs) was displayed.	4df0332f-b04a-4d9e-b43c-a1cc84b01c71
20240829	16:34:21	INFO	app.post /search	search page (search.ejs) was displayed.	20007b93-e359-4cd1-b4b1-af56a134bea2
20240829	16:36:05	INFO	app.post /search	search page (search.ejs) was displayed.	532d1bb8-49d2-4e59-87d1-39c02cb4a507
20240829	16:36:08	INFO	app.post /search	search page (search.ejs) was displayed.	0b8ad990-8f7b-492b-9084-dcbc9727b426
20240829	16:57:11	SUCCESS	app.listen	http search site successfully started.	09bdf63e-320d-4fd0-aac6-601ec7195647
20240829	16:57:23	SUCCESS	auth.post	User Evan logged in successfully.	737bc302-aa7e-47eb-bbde-c93172b122f9
20240829	16:57:23	INFO	app.get	landing page (index.ejs) was displayed.	0d68e31a-7592-450b-84d9-e346239d8caa
20240829	16:57:34	INFO	app.get /search	search page (search.ejs) was displayed.	31046bdd-10aa-4439-9739-19dce5285142
20240829	16:57:45	INFO	app.post /search	search page (search.ejs) was displayed.	0babd3f4-bdc1-4834-9650-604d18c6e16a
20240829	17:03:03	SUCCESS	app.listen	http search site successfully started.	e95656f9-c304-4aa2-88ae-3fd25c638ac5
20240829	17:03:08	INFO	app.get	landing page (index.ejs) was displayed.	e98ecf5e-47ad-4359-9ba5-73d92c03181f
20240829	17:03:14	SUCCESS	auth.post	User Evan logged in successfully.	a5f4c69f-4f4a-4528-ac19-0a8f76b62bae
20240829	17:03:14	INFO	app.get	landing page (index.ejs) was displayed.	71956646-51cf-4dd3-80b9-63745ab32b8d
20240829	17:03:16	INFO	app.get /search	search page (search.ejs) was displayed.	8c29ee0f-8c66-48ec-bad3-d00d4f6da6b4
20240829	17:03:20	INFO	app.post /search	search page (search.ejs) was displayed.	0b0d70e0-0f31-4c4c-88ab-4413ef57b26a
20240829	17:07:40	SUCCESS	app.listen	http search site successfully started.	d12888c9-083f-4e40-8d5e-a48b8389b47a
20240829	17:07:51	SUCCESS	auth.post	User Evan logged in successfully.	7e8e82e3-0533-47fa-b39c-52b3eeb0723d
20240829	17:07:51	INFO	app.get	landing page (index.ejs) was displayed.	08ad6064-a8d0-4fa2-9e09-d1d205d80adb
20240829	17:07:52	INFO	app.get /search	search page (search.ejs) was displayed.	09838a01-ae78-4a18-9419-b0488cc71840
20240829	17:07:56	INFO	app.post /search	search page (search.ejs) was displayed.	1cfbc48c-eda8-4a26-8920-29f825d2db20
20240829	17:10:13	SUCCESS	app.listen	http search site successfully started.	9059f8b9-f68c-4d13-8aa4-435daa399c5c
20240829	17:10:22	SUCCESS	auth.post	User Evan logged in successfully.	e90a9adb-58bc-43f6-a718-d6fc3f3c4122
20240829	17:10:22	INFO	app.get	landing page (index.ejs) was displayed.	0ad1f00f-3737-4c70-a2e2-ccaa4ad70c43
20240829	17:10:24	INFO	app.get /search	search page (search.ejs) was displayed.	9ce3c623-eca0-48a2-8b3b-7ce2c4bc9c3e
20240829	17:11:15	SUCCESS	app.listen	http search site successfully started.	60a256b2-fbaa-48b2-a095-4547fe9202a9
20240829	17:11:26	INFO	app.get	landing page (index.ejs) was displayed.	f1e37aeb-6aa8-4c7a-9087-07d98807d857
20240829	17:11:35	SUCCESS	auth.post	User Evan logged in successfully.	848ae187-3c21-4b88-8a76-8d7b9fb27b7f
20240829	17:11:35	INFO	app.get	landing page (index.ejs) was displayed.	f6cba7ef-2bba-4e7f-8b15-eabaefd1e19e
20240829	17:11:36	INFO	app.get /search	search page (search.ejs) was displayed.	802dbada-238e-4dc4-b6be-72ad233301cb
20240829	17:12:08	SUCCESS	app.listen	http search site successfully started.	230892d0-ce6a-4077-9f97-16412a5024c9
20240829	17:12:18	SUCCESS	auth.post	User Evan logged in successfully.	27a77649-8c80-4576-85a5-5cb763a6570e
20240829	17:12:18	INFO	app.get	landing page (index.ejs) was displayed.	648a33d0-11b7-470f-9ac0-201776e8d4df
20240829	17:12:19	INFO	app.get /search	search page (search.ejs) was displayed.	c610302e-cc92-4fbc-bc3b-b1440ab3841f
20240829	17:12:22	INFO	app.post /search	search page (search.ejs) was displayed.	7b1db37a-198d-48b1-b8fe-37ff0942a146
20240829	17:17:42	SUCCESS	app.listen	http search site successfully started.	2ae77d83-e545-4285-855c-a2e6903b5941
20240829	17:17:44	INFO	app.get	landing page (index.ejs) was displayed.	8fcfb031-0c92-45cf-a61c-a0ff1fb05ecd
20240829	17:17:52	SUCCESS	auth.post	User Evan logged in successfully.	2bb0b484-d73a-4fc2-a8ba-826d5270fb3e
20240829	17:17:52	INFO	app.get	landing page (index.ejs) was displayed.	6237b872-d098-4455-b2e3-a8d5fe7009cf
20240829	17:17:53	INFO	app.get /search	search page (search.ejs) was displayed.	93408249-97a7-4978-80e8-2711d0479209
20240829	17:17:58	INFO	app.post /search	search page (search.ejs) was displayed.	293eb613-cd5e-453a-9468-4e252c6055c2
20240829	17:19:32	SUCCESS	app.listen	http search site successfully started.	4e018ab8-7f4e-4d50-8490-1b5b99ee0058
20240829	17:19:41	SUCCESS	auth.post	User Evan logged in successfully.	230db7c5-6f6e-48a9-b708-1d4355f31afa
20240829	17:19:41	INFO	app.get	landing page (index.ejs) was displayed.	05a00965-cadc-4ee3-bd58-4b6e603d86ac
20240829	17:19:42	INFO	app.get /search	search page (search.ejs) was displayed.	c059e438-88d8-4620-9d81-e4184ce77ef2
20240829	17:20:25	SUCCESS	app.listen	http search site successfully started.	cf9d8c6a-9823-40fe-8b8d-de6662cc60da
20240829	17:20:29	INFO	app.get	landing page (index.ejs) was displayed.	e56a67f3-c2f6-40f5-b6e7-72878ec0676e
20240829	17:20:36	SUCCESS	auth.post	User Evan logged in successfully.	530e0f93-8126-4853-8994-7c7ec14a181f
20240829	17:20:36	INFO	app.get	landing page (index.ejs) was displayed.	498f9cde-5809-439f-8b48-0e624dff9ade
20240829	17:20:37	INFO	app.get /search	search page (search.ejs) was displayed.	4a92223c-78d5-4aaf-af61-f33e96b7ad7f
20240829	17:21:26	SUCCESS	app.listen	http search site successfully started.	676fb366-41d6-42ce-95bd-ee99855826c9
20240829	17:21:30	INFO	app.get	landing page (index.ejs) was displayed.	34949e76-dd0b-4dee-be7d-2baa3d2999b3
20240829	17:21:37	SUCCESS	auth.post	User Evan logged in successfully.	920a478f-1e49-48d3-afb5-83ebbcc00198
20240829	17:21:37	INFO	app.get	landing page (index.ejs) was displayed.	f5a5ce82-0203-44ba-b61e-a415bf050c3d
20240829	17:21:38	INFO	app.get /search	search page (search.ejs) was displayed.	56eb2553-9c60-4d5f-ba48-76c885510be5
20240829	17:21:41	INFO	app.post /search	search page (search.ejs) was displayed.	d9212f4c-1fb0-490b-8675-6ad4a6e147c3
20240829	17:22:48	SUCCESS	app.listen	http search site successfully started.	21a8f14c-1953-4eef-bd13-4b308a75fc20
20240829	17:23:00	SUCCESS	auth.post	User Evan logged in successfully.	bff79d22-6a4e-4f3c-b734-992d2fde9c50
20240829	17:23:00	INFO	app.get	landing page (index.ejs) was displayed.	b8542437-7b5f-43a0-9bd5-9182ab69067e
20240829	17:23:01	INFO	app.get /search	search page (search.ejs) was displayed.	abe4517c-3a4a-4fb3-aac9-17478eaffb2b
20240829	17:23:06	INFO	app.post /search	search page (search.ejs) was displayed.	932695ab-a147-494d-ada8-5aaf6b8f87cb
20240829	17:24:26	SUCCESS	app.listen	http search site successfully started.	aaea7dae-34e8-4846-b260-bb3bdec5c57d
20240829	17:24:36	SUCCESS	auth.post	User Evan logged in successfully.	838b0ef4-28a8-46ed-a71b-0a4589ea823e
20240829	17:24:36	INFO	app.get	landing page (index.ejs) was displayed.	01479f95-8cc3-40fa-a72f-8aa43bc62566
20240829	17:24:38	INFO	app.get /search	search page (search.ejs) was displayed.	51f7fb23-ad2b-4565-bdcd-38bd2639813c
20240829	17:24:41	INFO	app.post /search	search page (search.ejs) was displayed.	a28fa2f5-78e5-411f-bdce-61e5b6d2780c
20240829	17:25:31	SUCCESS	app.listen	http search site successfully started.	8c114d6d-16a9-48b8-bd25-eedc86a04f97
20240829	17:25:41	SUCCESS	auth.post	User Evan logged in successfully.	695a3d6e-609c-4392-93f3-3bcb8be2fdaf
20240829	17:25:41	INFO	app.get	landing page (index.ejs) was displayed.	7ad9a9ea-9984-478d-bd02-1be0c27ddf35
20240829	17:25:42	INFO	app.get /search	search page (search.ejs) was displayed.	e18a0f38-748a-4c0f-91ca-d3387a259873
20240829	17:25:44	INFO	app.post /search	search page (search.ejs) was displayed.	de9a82cf-bc0c-44ef-8bc5-b4646fb339a3
20240829	17:26:05	SUCCESS	app.listen	http search site successfully started.	ba84dde2-dbf9-42b7-a9da-dafde5d9fbbb
20240829	17:26:16	SUCCESS	auth.post	User Evan logged in successfully.	5d0baa3b-d9e6-4cef-8f5c-e81ca27e1e76
20240829	17:26:16	INFO	app.get	landing page (index.ejs) was displayed.	f2367274-ec64-4af3-a8e9-0ecdff74219f
20240829	17:26:17	INFO	app.get /search	search page (search.ejs) was displayed.	a910cdf0-1f31-4768-b55e-9cac68ed4a06
20240829	17:26:19	INFO	app.post /search	search page (search.ejs) was displayed.	9f6be47f-c2bd-4bfb-a953-5e92ea86d3bb
20240829	18:41:47	SUCCESS	app.listen	http search site successfully started.	02d67776-db07-448c-ac68-1c8d9f5ddc64
20240829	18:41:53	INFO	app.get	landing page (index.ejs) was displayed.	300a786b-ef95-40e8-a50f-da105ea063bb
20240829	18:42:02	SUCCESS	auth.post	User Evan logged in successfully.	6742f202-4e76-4907-b687-9f673ba4b1f4
20240829	18:42:02	INFO	app.get	landing page (index.ejs) was displayed.	b1b7bc0f-b983-4556-bb56-67de6a7df9e6
20240829	18:42:04	INFO	app.get /search	search page (search.ejs) was displayed.	0f630ca5-aca9-4535-a894-d7aa8b5c5867
20240829	18:42:08	INFO	app.post /search	search page (search.ejs) was displayed.	8776907e-5640-4b41-97cc-0fc758789261
20240829	18:46:52	SUCCESS	app.listen	http search site successfully started.	ccda0287-4a84-4fdc-a1e7-bfe8194ecce5
20240829	18:47:01	SUCCESS	auth.post	User Evan logged in successfully.	31de7d3b-6872-48a7-92b4-4dc36b755c7a
20240829	18:47:01	INFO	app.get	landing page (index.ejs) was displayed.	d0262401-4b73-4116-b05a-4eb7ac8b90fb
20240829	18:47:04	INFO	app.get /search	search page (search.ejs) was displayed.	d4acc26f-f131-46a8-acf6-19cbc4f0871f
20240829	18:47:05	INFO	app.get /about	about page (about.ejs) was displayed.	dec7e401-f5d7-4176-846a-34d035701d93
20240829	18:47:06	INFO	app.get /search	search page (search.ejs) was displayed.	ab29aacd-fbfa-4e7a-9655-aae9bea5529b
20240829	18:47:09	INFO	app.post /search	search page (search.ejs) was displayed.	c3e81421-2dbf-4221-ab50-0897ad284d2b
20240829	18:57:23	SUCCESS	app.listen	http search site successfully started.	80bc4eeb-ea2a-4ed3-8aec-d592f1431766
20240829	18:57:32	SUCCESS	auth.post	User Evan logged in successfully.	1217c388-71ad-4b11-9b86-113871216c76
20240829	18:57:32	INFO	app.get	landing page (index.ejs) was displayed.	aee46273-6fc1-4cd9-a05c-f2a10498035f
20240829	18:57:34	INFO	app.get /search	search page (search.ejs) was displayed.	6f2f11bc-b3de-4af6-9070-6026121931ef
20240829	18:57:37	INFO	app.post /search	search page (search.ejs) was displayed.	8f35d0b8-1b7b-4550-affa-615ee8099853
20240829	19:05:08	SUCCESS	app.listen	http search site successfully started.	a69b2c05-fb3b-4ee0-bf73-23d602c5b936
20240829	19:05:19	SUCCESS	auth.post	User Evan logged in successfully.	ffbc52a8-7483-4fad-b5d3-a0b26b4201f4
20240829	19:05:19	INFO	app.get	landing page (index.ejs) was displayed.	0cc7e853-a0ee-465b-8d89-22b346e79f9b
20240829	19:05:21	INFO	app.get /search	search page (search.ejs) was displayed.	33b50c05-9913-43f9-bd96-5e1e39d04082
20240829	19:05:25	INFO	app.post /search	search page (search.ejs) was displayed.	8b19ca4a-1541-40f5-9bac-54284a25f52d
20240829	19:07:26	SUCCESS	app.listen	http search site successfully started.	d6739fec-913a-451c-ae95-062964beac4f
20240829	19:07:36	SUCCESS	auth.post	User Evan logged in successfully.	5950d0f2-5dfd-445b-af5e-f694837c9f38
20240829	19:07:36	INFO	app.get	landing page (index.ejs) was displayed.	03c13b74-ae73-4d9c-a889-9224dc44edd0
20240829	19:07:38	INFO	app.get /search	search page (search.ejs) was displayed.	4c98a461-61c7-4c28-962c-ff2c7dc5e9cc
20240829	19:13:21	SUCCESS	app.listen	http search site successfully started.	66b8bb19-b5ce-47ec-8851-0ec0480b5620
20240829	19:13:25	INFO	app.get	landing page (index.ejs) was displayed.	636790ac-63f6-42ac-bdbd-3e2a1d902e00
20240829	19:13:32	SUCCESS	auth.post	User Evan logged in successfully.	cb491f37-a28c-432f-aa50-73b4bfc4fc67
20240829	19:13:32	INFO	app.get	landing page (index.ejs) was displayed.	cfc1e939-7e08-4037-96ae-68a000222752
20240829	19:13:34	INFO	app.get /search	search page (search.ejs) was displayed.	40b2c549-9fbd-417e-a0a0-82d630296da0
20240829	19:13:37	INFO	app.post /search	search page (search.ejs) was displayed.	0ed2601d-5268-4955-b98a-95f491e235ba
20240829	19:15:31	SUCCESS	app.listen	http search site successfully started.	558528e8-346e-449b-86eb-23be5a3a98dc
20240829	19:15:40	SUCCESS	auth.post	User Evan logged in successfully.	337a2945-8100-40a7-b2d1-847cfa85faa4
20240829	19:15:40	INFO	app.get	landing page (index.ejs) was displayed.	db3fdf4a-370d-4bb9-8f40-e8e63a38f32f
20240829	19:15:42	INFO	app.get /search	search page (search.ejs) was displayed.	17ca692a-542f-4778-89c9-cfd9f9e238e5
20240829	19:15:45	INFO	app.post /search	search page (search.ejs) was displayed.	17ae4107-8e5b-44ea-83f2-7c51d733fce7
20240829	19:19:35	SUCCESS	app.listen	http search site successfully started.	b79166ed-ca9d-4880-a530-8fc3d4e6b8a3
20240829	19:19:45	SUCCESS	auth.post	User Evan logged in successfully.	1c93a689-9149-43ae-bd3f-13bf0040876f
20240829	19:19:45	INFO	app.get	landing page (index.ejs) was displayed.	97985be9-d57a-41dc-9908-fbde1a8840ae
20240829	19:19:47	INFO	app.get /search	search page (search.ejs) was displayed.	01f1ff3e-7ba7-41aa-8183-2770f0160921
20240829	19:19:51	INFO	app.post /search	search page (search.ejs) was displayed.	e3bfe45a-2cc6-4d5c-989b-d4758c3da78f
20240829	19:26:42	SUCCESS	app.listen	http search site successfully started.	c307724d-75ce-4f27-ae65-5bdb3dde32e7
20240829	19:26:53	SUCCESS	auth.post	User Evan logged in successfully.	86fc766c-2140-4784-832b-6aac7e78b818
20240829	19:26:53	INFO	app.get	landing page (index.ejs) was displayed.	b86b9c92-c2c8-4b24-92e9-c471789a5c6b
20240829	19:26:54	INFO	app.get /search	search page (search.ejs) was displayed.	c27efed3-a55c-46c9-9ac3-fae3b8c71fd0
20240829	19:27:18	INFO	app.post /search	search page (search.ejs) was displayed.	acd2ff6a-a5ca-4584-8642-c78350d18b74
20240829	19:27:46	INFO	app.post /search	search page (search.ejs) was displayed.	92aebf07-4042-4f5b-b562-4d6debb3bb6c
